\BOOKMARK [1][-]{section.1}{\376\377\000I\000n\000t\000r\000o\000d\000u\000z\000i\000o\000n\000e}{}% 1
\BOOKMARK [2][-]{subsection.1.1}{\376\377\000C\000o\000n\000t\000e\000s\000t\000o\000\040\000e\000\040\000m\000o\000t\000i\000v\000a\000z\000i\000o\000n\000i}{section.1}% 2
\BOOKMARK [2][-]{subsection.1.2}{\376\377\000M\000i\000n\000a\000c\000c\000i\000a\000\040\000d\000e\000i\000\040\000c\000o\000m\000p\000u\000t\000e\000r\000\040\000q\000u\000a\000n\000t\000i\000s\000t\000i\000c\000i}{section.1}% 3
\BOOKMARK [2][-]{subsection.1.3}{\376\377\000O\000b\000i\000e\000t\000t\000i\000v\000i\000\040\000d\000e\000l\000l\000a\000\040\000c\000r\000i\000t\000t\000o\000g\000r\000a\000f\000i\000a\000\040\000p\000o\000s\000t\000-\000q\000u\000a\000n\000t\000i\000s\000t\000i\000c\000a}{section.1}% 4
\BOOKMARK [1][-]{section.2}{\376\377\000F\000o\000n\000d\000a\000m\000e\000n\000t\000i\000\040\000d\000e\000l\000l\000a\000\040\000c\000r\000i\000t\000t\000o\000g\000r\000a\000f\000i\000a\000\040\000c\000l\000a\000s\000s\000i\000c\000a}{}% 5
\BOOKMARK [2][-]{subsection.2.1}{\376\377\000C\000r\000i\000t\000t\000o\000g\000r\000a\000f\000i\000a\000\040\000a\000\040\000c\000h\000i\000a\000v\000e\000\040\000p\000u\000b\000b\000l\000i\000c\000a\000:\000\040\000R\000S\000A\000,\000\040\000E\000C\000C}{section.2}% 6
\BOOKMARK [3][-]{subsubsection.2.1.1}{\376\377\000R\000S\000A}{subsection.2.1}% 7
\BOOKMARK [3][-]{subsubsection.2.1.2}{\376\377\000C\000r\000i\000t\000t\000o\000g\000r\000a\000f\000i\000a\000\040\000s\000u\000\040\000C\000u\000r\000v\000e\000\040\000E\000l\000l\000i\000t\000t\000i\000c\000h\000e\000\040\000\050\000E\000C\000C\000\051}{subsection.2.1}% 8
\BOOKMARK [3][-]{subsubsection.2.1.3}{\376\377\000S\000i\000c\000u\000r\000e\000z\000z\000a\000\040\000c\000l\000a\000s\000s\000i\000c\000a}{subsection.2.1}% 9
\BOOKMARK [2][-]{subsection.2.2}{\376\377\000L\000i\000m\000i\000t\000i\000\040\000r\000i\000s\000p\000e\000t\000t\000o\000\040\000a\000i\000\040\000c\000o\000m\000p\000u\000t\000e\000r\000\040\000q\000u\000a\000n\000t\000i\000s\000t\000i\000c\000i}{section.2}% 10
\BOOKMARK [1][-]{section.3}{\376\377\000C\000o\000m\000p\000u\000t\000a\000z\000i\000o\000n\000e\000\040\000q\000u\000a\000n\000t\000i\000s\000t\000i\000c\000a\000\040\000e\000\040\000i\000m\000p\000a\000t\000t\000o\000\040\000s\000u\000l\000l\000a\000\040\000c\000r\000i\000t\000t\000o\000g\000r\000a\000f\000i\000a\000\040\000c\000l\000a\000s\000s\000i\000c\000a}{}% 11
\BOOKMARK [2][-]{subsection.3.1}{\376\377\000N\000o\000z\000i\000o\000n\000i\000\040\000b\000a\000s\000e\000\040\000d\000i\000\040\000c\000o\000m\000p\000u\000t\000a\000z\000i\000o\000n\000e\000\040\000q\000u\000a\000n\000t\000i\000s\000t\000i\000c\000a}{section.3}% 12
\BOOKMARK [3][-]{subsubsection.3.1.1}{\376\377\000R\000i\000c\000h\000i\000a\000m\000i\000\040\000e\000s\000s\000e\000n\000z\000i\000a\000l\000i\000\040\000d\000i\000\040\000m\000e\000c\000c\000a\000n\000i\000c\000a\000\040\000q\000u\000a\000n\000t\000i\000s\000t\000i\000c\000a}{subsection.3.1}% 13
\BOOKMARK [3][-]{subsubsection.3.1.2}{\376\377\000C\000o\000l\000l\000e\000g\000a\000m\000e\000n\000t\000o\000\040\000c\000o\000n\000\040\000l\000a\000\040\000c\000r\000i\000t\000t\000o\000g\000r\000a\000f\000i\000a}{subsection.3.1}% 14
\BOOKMARK [2][-]{subsection.3.2}{\376\377\000A\000l\000g\000o\000r\000i\000t\000m\000i\000\040\000q\000u\000a\000n\000t\000i\000s\000t\000i\000c\000i\000\040\000r\000i\000l\000e\000v\000a\000n\000t\000i\000:\000\040\000S\000h\000o\000r}{section.3}% 15
\BOOKMARK [3][-]{subsubsection.3.2.1}{\376\377\000D\000a\000l\000l\000a\000\040\000f\000a\000t\000t\000o\000r\000i\000z\000z\000a\000z\000i\000o\000n\000e\000\040\000a\000l\000l\000a\000\040\000t\000e\000o\000r\000i\000a\000\040\000d\000e\000i\000\040\000n\000u\000m\000e\000r\000i}{subsection.3.2}% 16
\BOOKMARK [3][-]{subsubsection.3.2.2}{\376\377\000L\000'\000u\000t\000i\000l\000i\000t\000\340\000\040\000d\000e\000l\000\040\000p\000e\000r\000i\000o\000d\000o\000\040\000p\000e\000r\000\040\000l\000a\000\040\000f\000a\000t\000t\000o\000r\000i\000z\000z\000a\000z\000i\000o\000n\000e}{subsection.3.2}% 17
\BOOKMARK [3][-]{subsubsection.3.2.3}{\376\377\000E\000s\000e\000m\000p\000i\000o\000\040\000n\000u\000m\000e\000r\000i\000c\000o\000\040\000c\000o\000m\000p\000l\000e\000t\000o}{subsection.3.2}% 18
\BOOKMARK [3][-]{subsubsection.3.2.4}{\376\377\000L\000a\000\040\000t\000r\000a\000s\000f\000o\000r\000m\000a\000t\000a\000\040\000d\000i\000\040\000F\000o\000u\000r\000i\000e\000r\000\040\000q\000u\000a\000n\000t\000i\000s\000t\000i\000c\000a}{subsection.3.2}% 19
\BOOKMARK [1][-]{section.4}{\376\377\000C\000r\000i\000t\000t\000o\000g\000r\000a\000f\000i\000a\000\040\000p\000o\000s\000t\000\040\000q\000u\000a\000n\000t\000i\000s\000t\000i\000c\000a}{}% 20
\BOOKMARK [2][-]{subsection.4.1}{\376\377\000R\000e\000q\000u\000i\000s\000i\000t\000i\000\040\000e\000\040\000o\000b\000i\000e\000t\000t\000i\000v\000i}{section.4}% 21
\BOOKMARK [2][-]{subsection.4.2}{\376\377\000R\000u\000o\000l\000o\000\040\000d\000e\000l\000\040\000N\000i\000s\000t\000\040\000e\000\040\000p\000r\000o\000c\000e\000s\000s\000o\000\040\000d\000i\000\040\000s\000t\000a\000n\000d\000a\000r\000d\000i\000z\000z\000a\000z\000i\000o\000n\000e}{section.4}% 22
\BOOKMARK [1][-]{section.5}{\376\377\000A\000l\000g\000o\000r\000i\000t\000m\000i\000\040\000p\000o\000s\000t\000-\000q\000u\000a\000n\000t\000i\000s\000t\000i\000c\000i}{}% 23
\BOOKMARK [1][-]{section.6}{\376\377\000C\000o\000n\000s\000i\000d\000e\000r\000a\000z\000i\000o\000n\000i\000\040\000f\000i\000n\000a\000l\000i}{}% 24
\BOOKMARK [2][-]{subsection.6.1}{\376\377\000S\000t\000a\000t\000o\000\040\000a\000t\000t\000u\000a\000l\000e\000\040\000d\000e\000l\000l\000a\000\040\000t\000e\000c\000n\000o\000l\000o\000g\000i\000a\000\040\000d\000e\000i\000\040\000c\000o\000m\000p\000u\000t\000e\000r\000\040\000q\000u\000a\000n\000t\000i\000s\000t\000i\000c\000i}{section.6}% 25
\BOOKMARK [2][-]{subsection.6.2}{\376\377\000S\000t\000a\000t\000o\000\040\000a\000t\000t\000u\000a\000l\000e\000\040\000d\000e\000i\000\040\000p\000r\000o\000t\000o\000c\000o\000l\000l\000i\000\040\000p\000o\000s\000t\000-\000q\000u\000a\000n\000t\000i\000s\000t\000i\000c\000i}{section.6}% 26
